<?xml version="1.0" encoding="UTF-8"?>
<testsuite xmlns:xsi="http://www.w3.org/2001/XMLSchema-instance" xsi:noNamespaceSchemaLocation="https://maven.apache.org/surefire/maven-surefire-plugin/xsd/surefire-test-report.xsd" version="3.0.2" name="TestSuite" time="9.607" tests="4" errors="0" skipped="0" failures="0">
  <properties>
    <property name="java.specification.version" value="20"/>
    <property name="sun.jnu.encoding" value="UTF-8"/>
    <property name="java.class.path" value="/Users/lokesh/eclipse-workspace/New Eclipse/PetStoreAutomation/target/test-classes:/Users/lokesh/eclipse-workspace/New Eclipse/PetStoreAutomation/target/classes:/Users/lokesh/.m2/repository/io/rest-assured/rest-assured/5.5.0/rest-assured-5.5.0.jar:/Users/lokesh/.m2/repository/org/apache/groovy/groovy/4.0.22/groovy-4.0.22.jar:/Users/lokesh/.m2/repository/org/apache/groovy/groovy-xml/4.0.22/groovy-xml-4.0.22.jar:/Users/lokesh/.m2/repository/org/apache/httpcomponents/httpclient/4.5.13/httpclient-4.5.13.jar:/Users/lokesh/.m2/repository/org/apache/httpcomponents/httpcore/4.4.13/httpcore-4.4.13.jar:/Users/lokesh/.m2/repository/commons-logging/commons-logging/1.2/commons-logging-1.2.jar:/Users/lokesh/.m2/repository/org/apache/httpcomponents/httpmime/4.5.13/httpmime-4.5.13.jar:/Users/lokesh/.m2/repository/org/hamcrest/hamcrest/2.2/hamcrest-2.2.jar:/Users/lokesh/.m2/repository/org/ccil/cowan/tagsoup/tagsoup/1.2.1/tagsoup-1.2.1.jar:/Users/lokesh/.m2/repository/io/rest-assured/json-path/5.5.0/json-path-5.5.0.jar:/Users/lokesh/.m2/repository/org/apache/groovy/groovy-json/4.0.22/groovy-json-4.0.22.jar:/Users/lokesh/.m2/repository/io/rest-assured/rest-assured-common/5.5.0/rest-assured-common-5.5.0.jar:/Users/lokesh/.m2/repository/io/rest-assured/xml-path/5.5.0/xml-path-5.5.0.jar:/Users/lokesh/.m2/repository/org/testng/testng/7.10.2/testng-7.10.2.jar:/Users/lokesh/.m2/repository/org/slf4j/slf4j-api/1.7.36/slf4j-api-1.7.36.jar:/Users/lokesh/.m2/repository/com/beust/jcommander/1.82/jcommander-1.82.jar:/Users/lokesh/.m2/repository/org/webjars/jquery/3.7.1/jquery-3.7.1.jar:/Users/lokesh/.m2/repository/com/jayway/jsonpath/json-path/2.9.0/json-path-2.9.0.jar:/Users/lokesh/.m2/repository/net/minidev/json-smart/2.5.0/json-smart-2.5.0.jar:/Users/lokesh/.m2/repository/net/minidev/accessors-smart/2.5.0/accessors-smart-2.5.0.jar:/Users/lokesh/.m2/repository/org/ow2/asm/asm/9.3/asm-9.3.jar:/Users/lokesh/.m2/repository/org/json/json/20240303/json-20240303.jar:/Users/lokesh/.m2/repository/com/google/code/gson/gson/2.11.0/gson-2.11.0.jar:/Users/lokesh/.m2/repository/com/google/errorprone/error_prone_annotations/2.27.0/error_prone_annotations-2.27.0.jar:/Users/lokesh/.m2/repository/com/github/scribejava/scribejava-apis/8.3.3/scribejava-apis-8.3.3.jar:/Users/lokesh/.m2/repository/com/github/scribejava/scribejava-core/8.3.3/scribejava-core-8.3.3.jar:/Users/lokesh/.m2/repository/com/github/scribejava/scribejava-java8/8.3.3/scribejava-java8-8.3.3.jar:/Users/lokesh/.m2/repository/com/fasterxml/jackson/core/jackson-databind/2.14.0/jackson-databind-2.14.0.jar:/Users/lokesh/.m2/repository/com/fasterxml/jackson/core/jackson-annotations/2.14.0/jackson-annotations-2.14.0.jar:/Users/lokesh/.m2/repository/com/fasterxml/jackson/core/jackson-core/2.14.0/jackson-core-2.14.0.jar:/Users/lokesh/.m2/repository/com/github/java-json-tools/json-schema-validator/2.2.14/json-schema-validator-2.2.14.jar:/Users/lokesh/.m2/repository/com/google/guava/guava/28.2-android/guava-28.2-android.jar:/Users/lokesh/.m2/repository/com/google/guava/failureaccess/1.0.1/failureaccess-1.0.1.jar:/Users/lokesh/.m2/repository/com/google/guava/listenablefuture/9999.0-empty-to-avoid-conflict-with-guava/listenablefuture-9999.0-empty-to-avoid-conflict-with-guava.jar:/Users/lokesh/.m2/repository/org/checkerframework/checker-compat-qual/2.5.5/checker-compat-qual-2.5.5.jar:/Users/lokesh/.m2/repository/com/google/j2objc/j2objc-annotations/1.3/j2objc-annotations-1.3.jar:/Users/lokesh/.m2/repository/com/github/java-json-tools/jackson-coreutils-equivalence/1.0/jackson-coreutils-equivalence-1.0.jar:/Users/lokesh/.m2/repository/com/github/java-json-tools/jackson-coreutils/2.0/jackson-coreutils-2.0.jar:/Users/lokesh/.m2/repository/com/github/java-json-tools/msg-simple/1.2/msg-simple-1.2.jar:/Users/lokesh/.m2/repository/com/github/java-json-tools/btf/1.3/btf-1.3.jar:/Users/lokesh/.m2/repository/com/github/java-json-tools/json-schema-core/1.2.14/json-schema-core-1.2.14.jar:/Users/lokesh/.m2/repository/com/github/java-json-tools/uri-template/0.10/uri-template-0.10.jar:/Users/lokesh/.m2/repository/org/mozilla/rhino/1.7.7.2/rhino-1.7.7.2.jar:/Users/lokesh/.m2/repository/com/sun/mail/mailapi/1.6.2/mailapi-1.6.2.jar:/Users/lokesh/.m2/repository/joda-time/joda-time/2.10.5/joda-time-2.10.5.jar:/Users/lokesh/.m2/repository/com/googlecode/libphonenumber/libphonenumber/8.11.1/libphonenumber-8.11.1.jar:/Users/lokesh/.m2/repository/com/google/code/findbugs/jsr305/3.0.2/jsr305-3.0.2.jar:/Users/lokesh/.m2/repository/net/sf/jopt-simple/jopt-simple/5.0.4/jopt-simple-5.0.4.jar:/Users/lokesh/.m2/repository/com/github/javafaker/javafaker/1.0.2/javafaker-1.0.2.jar:/Users/lokesh/.m2/repository/org/apache/commons/commons-lang3/3.5/commons-lang3-3.5.jar:/Users/lokesh/.m2/repository/org/yaml/snakeyaml/1.23/snakeyaml-1.23-android.jar:/Users/lokesh/.m2/repository/com/github/mifmif/generex/1.0.2/generex-1.0.2.jar:/Users/lokesh/.m2/repository/dk/brics/automaton/automaton/1.11-8/automaton-1.11-8.jar:/Users/lokesh/.m2/repository/org/apache/poi/poi/5.3.0/poi-5.3.0.jar:/Users/lokesh/.m2/repository/commons-codec/commons-codec/1.17.0/commons-codec-1.17.0.jar:/Users/lokesh/.m2/repository/org/apache/commons/commons-collections4/4.4/commons-collections4-4.4.jar:/Users/lokesh/.m2/repository/org/apache/commons/commons-math3/3.6.1/commons-math3-3.6.1.jar:/Users/lokesh/.m2/repository/commons-io/commons-io/2.16.1/commons-io-2.16.1.jar:/Users/lokesh/.m2/repository/com/zaxxer/SparseBitSet/1.3/SparseBitSet-1.3.jar:/Users/lokesh/.m2/repository/org/apache/poi/poi-ooxml/5.3.0/poi-ooxml-5.3.0.jar:/Users/lokesh/.m2/repository/org/apache/poi/poi-ooxml-lite/5.3.0/poi-ooxml-lite-5.3.0.jar:/Users/lokesh/.m2/repository/org/apache/xmlbeans/xmlbeans/5.2.1/xmlbeans-5.2.1.jar:/Users/lokesh/.m2/repository/org/apache/commons/commons-compress/1.26.2/commons-compress-1.26.2.jar:/Users/lokesh/.m2/repository/com/github/virtuald/curvesapi/1.08/curvesapi-1.08.jar:/Users/lokesh/.m2/repository/com/aventstack/extentreports/5.1.2/extentreports-5.1.2.jar:/Users/lokesh/.m2/repository/io/reactivex/rxjava3/rxjava/3.1.6/rxjava-3.1.6.jar:/Users/lokesh/.m2/repository/org/reactivestreams/reactive-streams/1.0.4/reactive-streams-1.0.4.jar:/Users/lokesh/.m2/repository/org/freemarker/freemarker/2.3.32/freemarker-2.3.32.jar:/Users/lokesh/.m2/repository/org/projectlombok/lombok/1.18.26/lombok-1.18.26.jar:/Users/lokesh/.m2/repository/org/apache/logging/log4j/log4j-api/2.23.1/log4j-api-2.23.1.jar:/Users/lokesh/.m2/repository/org/apache/logging/log4j/log4j-core/2.23.1/log4j-core-2.23.1.jar:"/>
    <property name="java.vm.vendor" value="Homebrew"/>
    <property name="sun.arch.data.model" value="64"/>
    <property name="java.vendor.url" value="https://github.com/Homebrew/homebrew-core/issues"/>
    <property name="user.timezone" value="Asia/Kolkata"/>
    <property name="os.name" value="Mac OS X"/>
    <property name="java.vm.specification.version" value="20"/>
    <property name="sun.java.launcher" value="SUN_STANDARD"/>
    <property name="user.country" value="IN"/>
    <property name="sun.boot.library.path" value="/opt/homebrew/Cellar/openjdk/20.0.1/libexec/openjdk.jdk/Contents/Home/lib"/>
    <property name="sun.java.command" value="/Users/lokesh/eclipse-workspace/New Eclipse/PetStoreAutomation/target/surefire/surefirebooter-20240804000338342_3.jar /Users/lokesh/eclipse-workspace/New Eclipse/PetStoreAutomation/target/surefire 2024-08-04T00-03-38_295-jvmRun1 surefire-20240804000338342_1tmp surefire_0-20240804000338342_2tmp"/>
    <property name="http.nonProxyHosts" value="local|*.local|169.254/16|*.169.254/16"/>
    <property name="jdk.debug" value="release"/>
    <property name="surefire.test.class.path" value="/Users/lokesh/eclipse-workspace/New Eclipse/PetStoreAutomation/target/test-classes:/Users/lokesh/eclipse-workspace/New Eclipse/PetStoreAutomation/target/classes:/Users/lokesh/.m2/repository/io/rest-assured/rest-assured/5.5.0/rest-assured-5.5.0.jar:/Users/lokesh/.m2/repository/org/apache/groovy/groovy/4.0.22/groovy-4.0.22.jar:/Users/lokesh/.m2/repository/org/apache/groovy/groovy-xml/4.0.22/groovy-xml-4.0.22.jar:/Users/lokesh/.m2/repository/org/apache/httpcomponents/httpclient/4.5.13/httpclient-4.5.13.jar:/Users/lokesh/.m2/repository/org/apache/httpcomponents/httpcore/4.4.13/httpcore-4.4.13.jar:/Users/lokesh/.m2/repository/commons-logging/commons-logging/1.2/commons-logging-1.2.jar:/Users/lokesh/.m2/repository/org/apache/httpcomponents/httpmime/4.5.13/httpmime-4.5.13.jar:/Users/lokesh/.m2/repository/org/hamcrest/hamcrest/2.2/hamcrest-2.2.jar:/Users/lokesh/.m2/repository/org/ccil/cowan/tagsoup/tagsoup/1.2.1/tagsoup-1.2.1.jar:/Users/lokesh/.m2/repository/io/rest-assured/json-path/5.5.0/json-path-5.5.0.jar:/Users/lokesh/.m2/repository/org/apache/groovy/groovy-json/4.0.22/groovy-json-4.0.22.jar:/Users/lokesh/.m2/repository/io/rest-assured/rest-assured-common/5.5.0/rest-assured-common-5.5.0.jar:/Users/lokesh/.m2/repository/io/rest-assured/xml-path/5.5.0/xml-path-5.5.0.jar:/Users/lokesh/.m2/repository/org/testng/testng/7.10.2/testng-7.10.2.jar:/Users/lokesh/.m2/repository/org/slf4j/slf4j-api/1.7.36/slf4j-api-1.7.36.jar:/Users/lokesh/.m2/repository/com/beust/jcommander/1.82/jcommander-1.82.jar:/Users/lokesh/.m2/repository/org/webjars/jquery/3.7.1/jquery-3.7.1.jar:/Users/lokesh/.m2/repository/com/jayway/jsonpath/json-path/2.9.0/json-path-2.9.0.jar:/Users/lokesh/.m2/repository/net/minidev/json-smart/2.5.0/json-smart-2.5.0.jar:/Users/lokesh/.m2/repository/net/minidev/accessors-smart/2.5.0/accessors-smart-2.5.0.jar:/Users/lokesh/.m2/repository/org/ow2/asm/asm/9.3/asm-9.3.jar:/Users/lokesh/.m2/repository/org/json/json/20240303/json-20240303.jar:/Users/lokesh/.m2/repository/com/google/code/gson/gson/2.11.0/gson-2.11.0.jar:/Users/lokesh/.m2/repository/com/google/errorprone/error_prone_annotations/2.27.0/error_prone_annotations-2.27.0.jar:/Users/lokesh/.m2/repository/com/github/scribejava/scribejava-apis/8.3.3/scribejava-apis-8.3.3.jar:/Users/lokesh/.m2/repository/com/github/scribejava/scribejava-core/8.3.3/scribejava-core-8.3.3.jar:/Users/lokesh/.m2/repository/com/github/scribejava/scribejava-java8/8.3.3/scribejava-java8-8.3.3.jar:/Users/lokesh/.m2/repository/com/fasterxml/jackson/core/jackson-databind/2.14.0/jackson-databind-2.14.0.jar:/Users/lokesh/.m2/repository/com/fasterxml/jackson/core/jackson-annotations/2.14.0/jackson-annotations-2.14.0.jar:/Users/lokesh/.m2/repository/com/fasterxml/jackson/core/jackson-core/2.14.0/jackson-core-2.14.0.jar:/Users/lokesh/.m2/repository/com/github/java-json-tools/json-schema-validator/2.2.14/json-schema-validator-2.2.14.jar:/Users/lokesh/.m2/repository/com/google/guava/guava/28.2-android/guava-28.2-android.jar:/Users/lokesh/.m2/repository/com/google/guava/failureaccess/1.0.1/failureaccess-1.0.1.jar:/Users/lokesh/.m2/repository/com/google/guava/listenablefuture/9999.0-empty-to-avoid-conflict-with-guava/listenablefuture-9999.0-empty-to-avoid-conflict-with-guava.jar:/Users/lokesh/.m2/repository/org/checkerframework/checker-compat-qual/2.5.5/checker-compat-qual-2.5.5.jar:/Users/lokesh/.m2/repository/com/google/j2objc/j2objc-annotations/1.3/j2objc-annotations-1.3.jar:/Users/lokesh/.m2/repository/com/github/java-json-tools/jackson-coreutils-equivalence/1.0/jackson-coreutils-equivalence-1.0.jar:/Users/lokesh/.m2/repository/com/github/java-json-tools/jackson-coreutils/2.0/jackson-coreutils-2.0.jar:/Users/lokesh/.m2/repository/com/github/java-json-tools/msg-simple/1.2/msg-simple-1.2.jar:/Users/lokesh/.m2/repository/com/github/java-json-tools/btf/1.3/btf-1.3.jar:/Users/lokesh/.m2/repository/com/github/java-json-tools/json-schema-core/1.2.14/json-schema-core-1.2.14.jar:/Users/lokesh/.m2/repository/com/github/java-json-tools/uri-template/0.10/uri-template-0.10.jar:/Users/lokesh/.m2/repository/org/mozilla/rhino/1.7.7.2/rhino-1.7.7.2.jar:/Users/lokesh/.m2/repository/com/sun/mail/mailapi/1.6.2/mailapi-1.6.2.jar:/Users/lokesh/.m2/repository/joda-time/joda-time/2.10.5/joda-time-2.10.5.jar:/Users/lokesh/.m2/repository/com/googlecode/libphonenumber/libphonenumber/8.11.1/libphonenumber-8.11.1.jar:/Users/lokesh/.m2/repository/com/google/code/findbugs/jsr305/3.0.2/jsr305-3.0.2.jar:/Users/lokesh/.m2/repository/net/sf/jopt-simple/jopt-simple/5.0.4/jopt-simple-5.0.4.jar:/Users/lokesh/.m2/repository/com/github/javafaker/javafaker/1.0.2/javafaker-1.0.2.jar:/Users/lokesh/.m2/repository/org/apache/commons/commons-lang3/3.5/commons-lang3-3.5.jar:/Users/lokesh/.m2/repository/org/yaml/snakeyaml/1.23/snakeyaml-1.23-android.jar:/Users/lokesh/.m2/repository/com/github/mifmif/generex/1.0.2/generex-1.0.2.jar:/Users/lokesh/.m2/repository/dk/brics/automaton/automaton/1.11-8/automaton-1.11-8.jar:/Users/lokesh/.m2/repository/org/apache/poi/poi/5.3.0/poi-5.3.0.jar:/Users/lokesh/.m2/repository/commons-codec/commons-codec/1.17.0/commons-codec-1.17.0.jar:/Users/lokesh/.m2/repository/org/apache/commons/commons-collections4/4.4/commons-collections4-4.4.jar:/Users/lokesh/.m2/repository/org/apache/commons/commons-math3/3.6.1/commons-math3-3.6.1.jar:/Users/lokesh/.m2/repository/commons-io/commons-io/2.16.1/commons-io-2.16.1.jar:/Users/lokesh/.m2/repository/com/zaxxer/SparseBitSet/1.3/SparseBitSet-1.3.jar:/Users/lokesh/.m2/repository/org/apache/poi/poi-ooxml/5.3.0/poi-ooxml-5.3.0.jar:/Users/lokesh/.m2/repository/org/apache/poi/poi-ooxml-lite/5.3.0/poi-ooxml-lite-5.3.0.jar:/Users/lokesh/.m2/repository/org/apache/xmlbeans/xmlbeans/5.2.1/xmlbeans-5.2.1.jar:/Users/lokesh/.m2/repository/org/apache/commons/commons-compress/1.26.2/commons-compress-1.26.2.jar:/Users/lokesh/.m2/repository/com/github/virtuald/curvesapi/1.08/curvesapi-1.08.jar:/Users/lokesh/.m2/repository/com/aventstack/extentreports/5.1.2/extentreports-5.1.2.jar:/Users/lokesh/.m2/repository/io/reactivex/rxjava3/rxjava/3.1.6/rxjava-3.1.6.jar:/Users/lokesh/.m2/repository/org/reactivestreams/reactive-streams/1.0.4/reactive-streams-1.0.4.jar:/Users/lokesh/.m2/repository/org/freemarker/freemarker/2.3.32/freemarker-2.3.32.jar:/Users/lokesh/.m2/repository/org/projectlombok/lombok/1.18.26/lombok-1.18.26.jar:/Users/lokesh/.m2/repository/org/apache/logging/log4j/log4j-api/2.23.1/log4j-api-2.23.1.jar:/Users/lokesh/.m2/repository/org/apache/logging/log4j/log4j-core/2.23.1/log4j-core-2.23.1.jar:"/>
    <property name="sun.cpu.endian" value="little"/>
    <property name="user.home" value="/Users/lokesh"/>
    <property name="user.language" value="en"/>
    <property name="java.specification.vendor" value="Oracle Corporation"/>
    <property name="java.version.date" value="2023-04-18"/>
    <property name="java.home" value="/opt/homebrew/Cellar/openjdk/20.0.1/libexec/openjdk.jdk/Contents/Home"/>
    <property name="file.separator" value="/"/>
    <property name="basedir" value="/Users/lokesh/eclipse-workspace/New Eclipse/PetStoreAutomation"/>
    <property name="java.vm.compressedOopsMode" value="Zero based"/>
    <property name="line.separator" value="&#10;"/>
    <property name="java.vm.specification.vendor" value="Oracle Corporation"/>
    <property name="java.specification.name" value="Java Platform API Specification"/>
    <property name="apple.awt.application.name" value="ForkedBooter"/>
    <property name="surefire.real.class.path" value="/Users/lokesh/eclipse-workspace/New Eclipse/PetStoreAutomation/target/surefire/surefirebooter-20240804000338342_3.jar"/>
    <property name="sun.management.compiler" value="HotSpot 64-Bit Tiered Compilers"/>
    <property name="ftp.nonProxyHosts" value="local|*.local|169.254/16|*.169.254/16"/>
    <property name="java.runtime.version" value="20.0.1"/>
    <property name="user.name" value="lokesh"/>
    <property name="stdout.encoding" value="UTF-8"/>
    <property name="path.separator" value=":"/>
    <property name="os.version" value="14.5"/>
    <property name="java.runtime.name" value="OpenJDK Runtime Environment"/>
    <property name="file.encoding" value="UTF-8"/>
    <property name="java.vm.name" value="OpenJDK 64-Bit Server VM"/>
    <property name="java.vendor.version" value="Homebrew"/>
    <property name="localRepository" value="/Users/lokesh/.m2/repository"/>
    <property name="java.vendor.url.bug" value="https://github.com/Homebrew/homebrew-core/issues"/>
    <property name="java.io.tmpdir" value="/var/folders/1w/gh1vr9x52m73zg8mksyw_6tr0000gn/T/"/>
    <property name="java.version" value="20.0.1"/>
    <property name="user.dir" value="/Users/lokesh/eclipse-workspace/New Eclipse/PetStoreAutomation"/>
    <property name="os.arch" value="aarch64"/>
    <property name="java.vm.specification.name" value="Java Virtual Machine Specification"/>
    <property name="native.encoding" value="UTF-8"/>
    <property name="java.library.path" value="/Users/lokesh/Library/Java/Extensions:/Library/Java/Extensions:/Network/Library/Java/Extensions:/System/Library/Java/Extensions:/usr/lib/java:."/>
    <property name="java.vm.info" value="mixed mode, sharing"/>
    <property name="stderr.encoding" value="UTF-8"/>
    <property name="java.vendor" value="Homebrew"/>
    <property name="java.vm.version" value="20.0.1"/>
    <property name="sun.io.unicode.encoding" value="UnicodeBig"/>
    <property name="socksNonProxyHosts" value="local|*.local|169.254/16|*.169.254/16"/>
    <property name="java.class.version" value="64.0"/>
  </properties>
  <testcase name="testPostUser" classname="api.test.UserTests2" time="2.55">
    <system-out><![CDATA[00:03:39.130 [main] INFO  api.test.UserTests2 - **********Creating User************
HTTP/1.1 200 OK
Date: Sat, 03 Aug 2024 18:33:41 GMT
Content-Type: application/json
Transfer-Encoding: chunked
Connection: keep-alive
Access-Control-Allow-Origin: *
Access-Control-Allow-Methods: GET, POST, DELETE, PUT
Access-Control-Allow-Headers: Content-Type, api_key, Authorization
Server: Jetty(9.2.9.v20150224)

{
    "code": 200,
    "type": "unknown",
    "message": "1423983012"
}
00:03:41.674 [main] INFO  api.test.UserTests2 - ********** User is Created************
]]></system-out>
    <system-err><![CDATA[SLF4J: Failed to load class "org.slf4j.impl.StaticLoggerBinder".
SLF4J: Defaulting to no-operation (NOP) logger implementation
SLF4J: See http://www.slf4j.org/codes.html#StaticLoggerBinder for further details.
]]></system-err>
  </testcase>
  <testcase name="testGetUserByName" classname="api.test.UserTests2" time="1.54">
    <system-out><![CDATA[00:03:41.680 [main] INFO  api.test.UserTests2 - **********Getting Single User************
HTTP/1.1 200 OK
Date: Sat, 03 Aug 2024 18:33:43 GMT
Content-Type: application/json
Transfer-Encoding: chunked
Connection: keep-alive
Access-Control-Allow-Origin: *
Access-Control-Allow-Methods: GET, POST, DELETE, PUT
Access-Control-Allow-Headers: Content-Type, api_key, Authorization
Server: Jetty(9.2.9.v20150224)

{
    "id": 1423983012,
    "username": "margarita.abernathy",
    "firstName": "Tatyana",
    "lastName": "Nikolaus",
    "email": "dorethea.nolan@example.com",
    "password": "vn14rkkq",
    "phone": "498-367-5159",
    "userStatus": 0
}
00:03:43.217 [main] INFO  api.test.UserTests2 - **********Single User Received************
]]></system-out>
  </testcase>
  <testcase name="testUpdateUserByName" classname="api.test.UserTests2" time="3.113">
    <system-out><![CDATA[00:03:43.222 [main] INFO  api.test.UserTests2 - **********Updating User details************
{
    "code": 200,
    "type": "unknown",
    "message": "1423983012"
}
00:03:44.726 [main] INFO  api.test.UserTests2 - **********Updating User details done************
]]></system-out>
  </testcase>
  <testcase name="testDeleteUserByName" classname="api.test.UserTests2" time="1.581">
    <system-out><![CDATA[00:03:46.336 [main] INFO  api.test.UserTests2 - **********Deleting User details************
00:03:47.916 [main] INFO  api.test.UserTests2 - **********Deleting User details done************
]]></system-out>
  </testcase>
</testsuite>