<?xml version="1.0" encoding="UTF-8"?>
<!-- Generated by org.testng.reporters.JUnitReportReporter -->
<testsuite hostname="Lokeshs-MacBook-Air.local" failures="0" tests="4" name="api.test.UserTests2" time="10.584" errors="0" timestamp="2024-08-03T23:29:36 IST" skipped="0">
  <testcase classname="api.test.UserTests2" name="testPostUser" time="4.588"/>
  <testcase classname="api.test.UserTests2" name="testGetUserByName" time="1.597"/>
  <testcase classname="api.test.UserTests2" name="testUpdateUserByName" time="2.934"/>
  <testcase classname="api.test.UserTests2" name="testDeleteUserByName" time="1.465"/>
</testsuite> <!-- api.test.UserTests2 -->
