<?xml version="1.0" encoding="UTF-8"?>
<!-- Generated by org.testng.reporters.JUnitReportReporter -->
<testsuite hostname="Lokeshs-MacBook-Air.local" failures="0" tests="6" name="api.test.DDTests" time="11.978" errors="0" timestamp="2024-08-02T17:00:47 IST" skipped="0">
  <testcase classname="api.test.DDTests" name="testPostUser" time="3.947"/>
  <testcase classname="api.test.DDTests" name="testPostUser" time="1.487"/>
  <testcase classname="api.test.DDTests" name="testPostUser" time="1.759"/>
  <testcase classname="api.test.DDTests" name="testDeleteUserByName" time="1.590"/>
  <testcase classname="api.test.DDTests" name="testDeleteUserByName" time="1.577"/>
  <testcase classname="api.test.DDTests" name="testDeleteUserByName" time="1.618"/>
</testsuite> <!-- api.test.DDTests -->
