<?xml version="1.0" encoding="UTF-8"?>
<!-- Generated by org.testng.reporters.JUnitReportReporter -->
<testsuite hostname="Lokeshs-MacBook-Air.local" failures="0" tests="4" name="api.test.UserTests" time="14.552" errors="0" timestamp="2024-08-02T17:10:23 IST" skipped="0">
  <testcase classname="api.test.UserTests" name="testPostUser" time="8.680"/>
  <testcase classname="api.test.UserTests" name="testGetUserByName" time="1.461"/>
  <testcase classname="api.test.UserTests" name="testUpdateUserByName" time="2.982"/>
  <testcase classname="api.test.UserTests" name="testDeleteUserByName" time="1.429"/>
</testsuite> <!-- api.test.UserTests -->
